  Game_Framework.cpp
D:\Programming\OpenGL_Projects\Game\Cloud_Jumper\Cloud_Jumper\Sources\Game_Framework.cpp(16,12): warning C4244: 'argument': conversion from 'time_t' to 'unsigned int', possible loss of data
D:\Programming\OpenGL_Projects\Game\Cloud_Jumper\Cloud_Jumper\Sources\Game_Framework.cpp(123,71): warning C4244: 'argument': conversion from 'int' to 'float', possible loss of data
D:\Programming\OpenGL_Projects\Game\Cloud_Jumper\Cloud_Jumper\Sources\Game_Framework.cpp(123,63): warning C4244: 'argument': conversion from 'int' to 'float', possible loss of data
D:\Programming\OpenGL_Projects\Game\Cloud_Jumper\Cloud_Jumper\Sources\Game_Framework.cpp(127,76): warning C4244: 'argument': conversion from 'int' to 'float', possible loss of data
D:\Programming\OpenGL_Projects\Game\Cloud_Jumper\Cloud_Jumper\Sources\Game_Framework.cpp(127,68): warning C4244: 'argument': conversion from 'int' to 'float', possible loss of data
D:\Programming\OpenGL_Projects\Game\Cloud_Jumper\Cloud_Jumper\Sources\Game_Framework.cpp(137,79): warning C4244: 'argument': conversion from 'int' to 'float', possible loss of data
D:\Programming\OpenGL_Projects\Game\Cloud_Jumper\Cloud_Jumper\Sources\Game_Framework.cpp(137,71): warning C4244: 'argument': conversion from 'int' to 'float', possible loss of data
D:\Programming\OpenGL_Projects\Game\Cloud_Jumper\Cloud_Jumper\Sources\Game_Framework.cpp(280,69): warning C4244: 'argument': conversion from 'int' to 'float', possible loss of data
D:\Programming\OpenGL_Projects\Game\Cloud_Jumper\Cloud_Jumper\Sources\Game_Framework.cpp(280,61): warning C4244: 'argument': conversion from 'int' to 'float', possible loss of data
D:\Programming\OpenGL_Projects\Game\Cloud_Jumper\Cloud_Jumper\Sources\Game_Framework.cpp(283,61): warning C4244: 'argument': conversion from 'int' to 'float', possible loss of data
D:\Programming\OpenGL_Projects\Game\Cloud_Jumper\Cloud_Jumper\Sources\Game_Framework.cpp(286,69): warning C4244: 'argument': conversion from 'int' to 'float', possible loss of data
D:\Programming\OpenGL_Projects\Game\Cloud_Jumper\Cloud_Jumper\Sources\Game_Framework.cpp(286,61): warning C4244: 'argument': conversion from 'int' to 'float', possible loss of data
D:\Programming\OpenGL_Projects\Game\Cloud_Jumper\Cloud_Jumper\Sources\Game_Framework.cpp(289,61): warning C4244: 'argument': conversion from 'int' to 'float', possible loss of data
D:\Programming\OpenGL_Projects\Game\Cloud_Jumper\Cloud_Jumper\Sources\Game_Framework.cpp(292,70): warning C4244: 'argument': conversion from 'int' to 'float', possible loss of data
D:\Programming\OpenGL_Projects\Game\Cloud_Jumper\Cloud_Jumper\Sources\Game_Framework.cpp(292,62): warning C4244: 'argument': conversion from 'int' to 'float', possible loss of data
D:\Programming\OpenGL_Projects\Game\Cloud_Jumper\Cloud_Jumper\Sources\Game_Framework.cpp(295,61): warning C4244: 'argument': conversion from 'int' to 'float', possible loss of data
D:\Programming\OpenGL_Projects\Game\Cloud_Jumper\Cloud_Jumper\Sources\Game_Framework.cpp(298,70): warning C4244: 'argument': conversion from 'int' to 'float', possible loss of data
D:\Programming\OpenGL_Projects\Game\Cloud_Jumper\Cloud_Jumper\Sources\Game_Framework.cpp(298,62): warning C4244: 'argument': conversion from 'int' to 'float', possible loss of data
D:\Programming\OpenGL_Projects\Game\Cloud_Jumper\Cloud_Jumper\Sources\Game_Framework.cpp(301,61): warning C4244: 'argument': conversion from 'int' to 'float', possible loss of data
D:\Programming\OpenGL_Projects\Game\Cloud_Jumper\Cloud_Jumper\Sources\Game_Framework.cpp(309,57): warning C4244: 'argument': conversion from 'int' to 'float', possible loss of data
D:\Programming\OpenGL_Projects\Game\Cloud_Jumper\Cloud_Jumper\Sources\Game_Framework.cpp(310,57): warning C4244: 'argument': conversion from 'int' to 'float', possible loss of data
D:\Programming\OpenGL_Projects\Game\Cloud_Jumper\Cloud_Jumper\Sources\Game_Framework.cpp(311,57): warning C4244: 'argument': conversion from 'int' to 'float', possible loss of data
D:\Programming\OpenGL_Projects\Game\Cloud_Jumper\Cloud_Jumper\Sources\Game_Framework.cpp(315,58): warning C4244: 'argument': conversion from 'int' to 'float', possible loss of data
D:\Programming\OpenGL_Projects\Game\Cloud_Jumper\Cloud_Jumper\Sources\Game_Framework.cpp(329,123): warning C4244: 'argument': conversion from 'int' to 'float', possible loss of data
D:\Programming\OpenGL_Projects\Game\Cloud_Jumper\Cloud_Jumper\Sources\Game_Framework.cpp(329,54): warning C4244: 'argument': conversion from 'int' to 'float', possible loss of data
D:\Programming\OpenGL_Projects\Game\Cloud_Jumper\Cloud_Jumper\Sources\Game_Framework.cpp(345,127): warning C4244: 'argument': conversion from 'int' to 'float', possible loss of data
D:\Programming\OpenGL_Projects\Game\Cloud_Jumper\Cloud_Jumper\Sources\Game_Framework.cpp(345,58): warning C4244: 'argument': conversion from 'int' to 'float', possible loss of data
D:\Programming\OpenGL_Projects\Game\Cloud_Jumper\Cloud_Jumper\Sources\Game_Framework.cpp(385,125): warning C4244: 'argument': conversion from 'int' to 'float', possible loss of data
D:\Programming\OpenGL_Projects\Game\Cloud_Jumper\Cloud_Jumper\Sources\Game_Framework.cpp(385,56): warning C4244: 'argument': conversion from 'int' to 'float', possible loss of data
D:\Programming\OpenGL_Projects\Game\Cloud_Jumper\Cloud_Jumper\Sources\Game_Framework.cpp(394,128): warning C4244: 'argument': conversion from 'int' to 'float', possible loss of data
D:\Programming\OpenGL_Projects\Game\Cloud_Jumper\Cloud_Jumper\Sources\Game_Framework.cpp(394,59): warning C4244: 'argument': conversion from 'int' to 'float', possible loss of data
D:\Programming\OpenGL_Projects\Game\Cloud_Jumper\Cloud_Jumper\Sources\Game_Framework.cpp(520,53): warning C4244: 'argument': conversion from 'int' to 'float', possible loss of data
D:\Programming\OpenGL_Projects\Game\Cloud_Jumper\Cloud_Jumper\Sources\Game_Framework.cpp(531,60): warning C4244: 'argument': conversion from 'int' to 'float', possible loss of data
D:\Programming\OpenGL_Projects\Game\Cloud_Jumper\Cloud_Jumper\Sources\Game_Framework.cpp(564,60): warning C4244: 'argument': conversion from 'int' to 'float', possible loss of data
D:\Programming\OpenGL_Projects\Game\Cloud_Jumper\Cloud_Jumper\Sources\Game_Framework.cpp(642,60): warning C4244: 'argument': conversion from 'int' to 'float', possible loss of data
D:\Programming\OpenGL_Projects\Game\Cloud_Jumper\Cloud_Jumper\Sources\Game_Framework.cpp(645,71): warning C4244: 'argument': conversion from 'int' to 'float', possible loss of data
LINK : warning LNK4098: defaultlib 'MSVCRTD' conflicts with use of other libs; use /NODEFAULTLIB:library
  Generating code
  2 of 1818 functions ( 0.1%) were compiled, the rest were copied from previous compilation.
    0 functions were new in current compilation
    7 functions had inline decision re-evaluated but remain unchanged
  Finished generating code
glfw3.lib(context.obj) : warning LNK4099: PDB '' was not found with 'glfw3.lib(context.obj)' or at ''; linking object as if no debug info
glfw3.lib(input.obj) : warning LNK4099: PDB '' was not found with 'glfw3.lib(input.obj)' or at ''; linking object as if no debug info
glfw3.lib(monitor.obj) : warning LNK4099: PDB '' was not found with 'glfw3.lib(monitor.obj)' or at ''; linking object as if no debug info
glfw3.lib(init.obj) : warning LNK4099: PDB '' was not found with 'glfw3.lib(init.obj)' or at ''; linking object as if no debug info
glfw3.lib(window.obj) : warning LNK4099: PDB '' was not found with 'glfw3.lib(window.obj)' or at ''; linking object as if no debug info
glfw3.lib(win32_thread.obj) : warning LNK4099: PDB '' was not found with 'glfw3.lib(win32_thread.obj)' or at ''; linking object as if no debug info
glfw3.lib(win32_time.obj) : warning LNK4099: PDB '' was not found with 'glfw3.lib(win32_time.obj)' or at ''; linking object as if no debug info
glfw3.lib(platform.obj) : warning LNK4099: PDB '' was not found with 'glfw3.lib(platform.obj)' or at ''; linking object as if no debug info
glfw3.lib(vulkan.obj) : warning LNK4099: PDB '' was not found with 'glfw3.lib(vulkan.obj)' or at ''; linking object as if no debug info
glfw3.lib(win32_init.obj) : warning LNK4099: PDB '' was not found with 'glfw3.lib(win32_init.obj)' or at ''; linking object as if no debug info
glfw3.lib(null_init.obj) : warning LNK4099: PDB '' was not found with 'glfw3.lib(null_init.obj)' or at ''; linking object as if no debug info
glfw3.lib(win32_module.obj) : warning LNK4099: PDB '' was not found with 'glfw3.lib(win32_module.obj)' or at ''; linking object as if no debug info
glfw3.lib(win32_monitor.obj) : warning LNK4099: PDB '' was not found with 'glfw3.lib(win32_monitor.obj)' or at ''; linking object as if no debug info
glfw3.lib(win32_window.obj) : warning LNK4099: PDB '' was not found with 'glfw3.lib(win32_window.obj)' or at ''; linking object as if no debug info
glfw3.lib(win32_joystick.obj) : warning LNK4099: PDB '' was not found with 'glfw3.lib(win32_joystick.obj)' or at ''; linking object as if no debug info
glfw3.lib(wgl_context.obj) : warning LNK4099: PDB '' was not found with 'glfw3.lib(wgl_context.obj)' or at ''; linking object as if no debug info
glfw3.lib(egl_context.obj) : warning LNK4099: PDB '' was not found with 'glfw3.lib(egl_context.obj)' or at ''; linking object as if no debug info
glfw3.lib(osmesa_context.obj) : warning LNK4099: PDB '' was not found with 'glfw3.lib(osmesa_context.obj)' or at ''; linking object as if no debug info
glfw3.lib(null_monitor.obj) : warning LNK4099: PDB '' was not found with 'glfw3.lib(null_monitor.obj)' or at ''; linking object as if no debug info
glfw3.lib(null_window.obj) : warning LNK4099: PDB '' was not found with 'glfw3.lib(null_window.obj)' or at ''; linking object as if no debug info
glfw3.lib(null_joystick.obj) : warning LNK4099: PDB '' was not found with 'glfw3.lib(null_joystick.obj)' or at ''; linking object as if no debug info
  Cloud_Jumper.vcxproj -> D:\Programming\OpenGL_Projects\Game\Cloud_Jumper\x64\Release\Cloud_Jumper.exe
