d:\programming\opengl_projects\game\cloud_jumper\cloud_jumper\x64\release\vc143.pdb
d:\programming\opengl_projects\game\cloud_jumper\cloud_jumper\x64\release\glad.obj
d:\programming\opengl_projects\game\cloud_jumper\cloud_jumper\x64\release\playercharacter.obj
d:\programming\opengl_projects\game\cloud_jumper\cloud_jumper\x64\release\mymath.obj
d:\programming\opengl_projects\game\cloud_jumper\cloud_jumper\x64\release\main.obj
d:\programming\opengl_projects\game\cloud_jumper\cloud_jumper\x64\release\glfw_framework.obj
d:\programming\opengl_projects\game\cloud_jumper\cloud_jumper\x64\release\game_framework.obj
d:\programming\opengl_projects\game\cloud_jumper\cloud_jumper\x64\release\gamedata.obj
d:\programming\opengl_projects\game\cloud_jumper\cloud_jumper\x64\release\drawer.obj
d:\programming\opengl_projects\game\cloud_jumper\cloud_jumper\x64\release\actor.obj
d:\programming\opengl_projects\game\cloud_jumper\x64\release\cloud_jumper.exe
d:\programming\opengl_projects\game\cloud_jumper\cloud_jumper\x64\release\cloud_jumper.ipdb
d:\programming\opengl_projects\game\cloud_jumper\x64\release\cloud_jumper.pdb
d:\programming\opengl_projects\game\cloud_jumper\cloud_jumper\x64\release\cloud_jumper.iobj
d:\programming\opengl_projects\game\cloud_jumper\cloud_jumper\x64\release\cloud_jumper.tlog\cl.command.1.tlog
d:\programming\opengl_projects\game\cloud_jumper\cloud_jumper\x64\release\cloud_jumper.tlog\cl.items.tlog
d:\programming\opengl_projects\game\cloud_jumper\cloud_jumper\x64\release\cloud_jumper.tlog\cl.read.1.tlog
d:\programming\opengl_projects\game\cloud_jumper\cloud_jumper\x64\release\cloud_jumper.tlog\cl.write.1.tlog
d:\programming\opengl_projects\game\cloud_jumper\cloud_jumper\x64\release\cloud_jumper.tlog\link.command.1.tlog
d:\programming\opengl_projects\game\cloud_jumper\cloud_jumper\x64\release\cloud_jumper.tlog\link.read.1.tlog
d:\programming\opengl_projects\game\cloud_jumper\cloud_jumper\x64\release\cloud_jumper.tlog\link.write.1.tlog
