d:\programming\opengl_projects\game\cloud_jumper\cloud_jumper\x64\debug\vc143.pdb
d:\programming\opengl_projects\game\cloud_jumper\cloud_jumper\x64\debug\vc143.idb
d:\programming\opengl_projects\game\cloud_jumper\cloud_jumper\x64\debug\main.obj
d:\programming\opengl_projects\game\cloud_jumper\cloud_jumper\x64\debug\playercharacter.obj
d:\programming\opengl_projects\game\cloud_jumper\cloud_jumper\x64\debug\mymath.obj
d:\programming\opengl_projects\game\cloud_jumper\cloud_jumper\x64\debug\game_framework.obj
d:\programming\opengl_projects\game\cloud_jumper\cloud_jumper\x64\debug\gamedata.obj
d:\programming\opengl_projects\game\cloud_jumper\cloud_jumper\x64\debug\glfw_framework.obj
d:\programming\opengl_projects\game\cloud_jumper\cloud_jumper\x64\debug\drawer.obj
d:\programming\opengl_projects\game\cloud_jumper\cloud_jumper\x64\debug\actor.obj
d:\programming\opengl_projects\game\cloud_jumper\x64\debug\cloud_jumper.exe
d:\programming\opengl_projects\game\cloud_jumper\cloud_jumper\x64\debug\cloud_jumper.ilk
d:\programming\opengl_projects\game\cloud_jumper\x64\debug\cloud_jumper.pdb
d:\programming\opengl_projects\game\cloud_jumper\cloud_jumper\x64\debug\glad.obj
d:\programming\opengl_projects\game\cloud_jumper\cloud_jumper\x64\debug\gamedata.obj.enc
d:\programming\opengl_projects\game\cloud_jumper\cloud_jumper\x64\debug\cloud_jumper.tlog\cl.command.1.tlog
d:\programming\opengl_projects\game\cloud_jumper\cloud_jumper\x64\debug\cloud_jumper.tlog\cl.items.tlog
d:\programming\opengl_projects\game\cloud_jumper\cloud_jumper\x64\debug\cloud_jumper.tlog\cl.read.1.tlog
d:\programming\opengl_projects\game\cloud_jumper\cloud_jumper\x64\debug\cloud_jumper.tlog\cl.write.1.tlog
d:\programming\opengl_projects\game\cloud_jumper\cloud_jumper\x64\debug\cloud_jumper.tlog\link.command.1.tlog
d:\programming\opengl_projects\game\cloud_jumper\cloud_jumper\x64\debug\cloud_jumper.tlog\link.read.1.tlog
d:\programming\opengl_projects\game\cloud_jumper\cloud_jumper\x64\debug\cloud_jumper.tlog\link.write.1.tlog
