  Actor.cpp
D:\Programming\OpenGL_Projects\Game\Cloud_Jumper\Cloud_Jumper\Sources\Actor.cpp(10,14): warning C4244: '=': conversion from 'float' to 'int', possible loss of data
D:\Programming\OpenGL_Projects\Game\Cloud_Jumper\Cloud_Jumper\Sources\Actor.cpp(11,17): warning C4244: '=': conversion from 'float' to 'int', possible loss of data
D:\Programming\OpenGL_Projects\Game\Cloud_Jumper\Cloud_Jumper\Sources\Actor.cpp(12,20): warning C4244: '=': conversion from 'float' to 'int', possible loss of data
D:\Programming\OpenGL_Projects\Game\Cloud_Jumper\Cloud_Jumper\Sources\Actor.cpp(13,21): warning C4244: '=': conversion from 'float' to 'int', possible loss of data
D:\Programming\OpenGL_Projects\Game\Cloud_Jumper\Cloud_Jumper\Sources\Actor.cpp(18,14): warning C4244: '=': conversion from 'float' to 'int', possible loss of data
D:\Programming\OpenGL_Projects\Game\Cloud_Jumper\Cloud_Jumper\Sources\Actor.cpp(19,17): warning C4244: '=': conversion from 'float' to 'int', possible loss of data
D:\Programming\OpenGL_Projects\Game\Cloud_Jumper\Cloud_Jumper\Sources\Actor.cpp(20,20): warning C4244: '=': conversion from 'float' to 'int', possible loss of data
D:\Programming\OpenGL_Projects\Game\Cloud_Jumper\Cloud_Jumper\Sources\Actor.cpp(21,21): warning C4244: '=': conversion from 'float' to 'int', possible loss of data
D:\Programming\OpenGL_Projects\Game\Cloud_Jumper\Cloud_Jumper\Sources\Actor.cpp(53,70): warning C4244: 'argument': conversion from 'float' to 'int', possible loss of data
D:\Programming\OpenGL_Projects\Game\Cloud_Jumper\Cloud_Jumper\Sources\Actor.cpp(53,45): warning C4244: 'argument': conversion from 'float' to 'int', possible loss of data
D:\Programming\OpenGL_Projects\Game\Cloud_Jumper\Cloud_Jumper\Sources\Actor.cpp(80,70): warning C4244: 'argument': conversion from 'float' to 'int', possible loss of data
D:\Programming\OpenGL_Projects\Game\Cloud_Jumper\Cloud_Jumper\Sources\Actor.cpp(80,45): warning C4244: 'argument': conversion from 'float' to 'int', possible loss of data
D:\Programming\OpenGL_Projects\Game\Cloud_Jumper\Cloud_Jumper\Sources\Actor.cpp(103,49): warning C4244: '=': conversion from 'int' to 'float', possible loss of data
D:\Programming\OpenGL_Projects\Game\Cloud_Jumper\Cloud_Jumper\Sources\Actor.cpp(104,49): warning C4244: '=': conversion from 'int' to 'float', possible loss of data
D:\Programming\OpenGL_Projects\Game\Cloud_Jumper\Cloud_Jumper\Sources\Actor.cpp(112,48): warning C4244: '=': conversion from 'int' to 'float', possible loss of data
D:\Programming\OpenGL_Projects\Game\Cloud_Jumper\Cloud_Jumper\Sources\Actor.cpp(113,48): warning C4244: '=': conversion from 'int' to 'float', possible loss of data
D:\Programming\OpenGL_Projects\Game\Cloud_Jumper\Cloud_Jumper\Sources\Actor.cpp(118,54): warning C4244: '=': conversion from 'int' to 'float', possible loss of data
D:\Programming\OpenGL_Projects\Game\Cloud_Jumper\Cloud_Jumper\Sources\Actor.cpp(119,54): warning C4244: '=': conversion from 'int' to 'float', possible loss of data
D:\Programming\OpenGL_Projects\Game\Cloud_Jumper\Cloud_Jumper\Sources\Actor.cpp(127,45): warning C4244: '=': conversion from 'int' to 'float', possible loss of data
D:\Programming\OpenGL_Projects\Game\Cloud_Jumper\Cloud_Jumper\Sources\Actor.cpp(128,45): warning C4244: '=': conversion from 'int' to 'float', possible loss of data
D:\Programming\OpenGL_Projects\Game\Cloud_Jumper\Cloud_Jumper\Sources\Actor.cpp(134,49): warning C4244: '=': conversion from 'int' to 'float', possible loss of data
D:\Programming\OpenGL_Projects\Game\Cloud_Jumper\Cloud_Jumper\Sources\Actor.cpp(135,49): warning C4244: '=': conversion from 'int' to 'float', possible loss of data
D:\Programming\OpenGL_Projects\Game\Cloud_Jumper\Cloud_Jumper\Sources\Actor.cpp(141,44): warning C4244: '=': conversion from 'int' to 'float', possible loss of data
D:\Programming\OpenGL_Projects\Game\Cloud_Jumper\Cloud_Jumper\Sources\Actor.cpp(142,44): warning C4244: '=': conversion from 'int' to 'float', possible loss of data
D:\Programming\OpenGL_Projects\Game\Cloud_Jumper\Cloud_Jumper\Sources\Actor.cpp(150,53): warning C4244: '=': conversion from 'int' to 'float', possible loss of data
D:\Programming\OpenGL_Projects\Game\Cloud_Jumper\Cloud_Jumper\Sources\Actor.cpp(151,53): warning C4244: '=': conversion from 'int' to 'float', possible loss of data
D:\Programming\OpenGL_Projects\Game\Cloud_Jumper\Cloud_Jumper\Sources\Actor.cpp(156,44): warning C4244: '=': conversion from 'int' to 'float', possible loss of data
D:\Programming\OpenGL_Projects\Game\Cloud_Jumper\Cloud_Jumper\Sources\Actor.cpp(157,44): warning C4244: '=': conversion from 'int' to 'float', possible loss of data
D:\Programming\OpenGL_Projects\Game\Cloud_Jumper\Cloud_Jumper\Sources\Actor.cpp(164,45): warning C4244: '=': conversion from 'int' to 'float', possible loss of data
D:\Programming\OpenGL_Projects\Game\Cloud_Jumper\Cloud_Jumper\Sources\Actor.cpp(165,45): warning C4244: '=': conversion from 'int' to 'float', possible loss of data
D:\Programming\OpenGL_Projects\Game\Cloud_Jumper\Cloud_Jumper\Sources\Actor.cpp(171,43): warning C4244: '=': conversion from 'int' to 'float', possible loss of data
D:\Programming\OpenGL_Projects\Game\Cloud_Jumper\Cloud_Jumper\Sources\Actor.cpp(172,43): warning C4244: '=': conversion from 'int' to 'float', possible loss of data
D:\Programming\OpenGL_Projects\Game\Cloud_Jumper\Cloud_Jumper\Sources\Actor.cpp(206,23): warning C4244: '=': conversion from 'float' to 'int', possible loss of data
D:\Programming\OpenGL_Projects\Game\Cloud_Jumper\Cloud_Jumper\Sources\Actor.cpp(207,23): warning C4244: '=': conversion from 'float' to 'int', possible loss of data
D:\Programming\OpenGL_Projects\Game\Cloud_Jumper\Cloud_Jumper\Sources\Actor.cpp(224,27): warning C4244: '=': conversion from 'int' to 'float', possible loss of data
D:\Programming\OpenGL_Projects\Game\Cloud_Jumper\Cloud_Jumper\Sources\Actor.cpp(225,27): warning C4244: '=': conversion from 'int' to 'float', possible loss of data
  GLFW_Framework.cpp
D:\Programming\OpenGL_Projects\Game\Cloud_Jumper\Cloud_Jumper\Sources\GLFW_Framework.cpp(99,14): warning C4244: '=': conversion from 'int' to 'float', possible loss of data
D:\Programming\OpenGL_Projects\Game\Cloud_Jumper\Cloud_Jumper\Sources\GLFW_Framework.cpp(100,14): warning C4244: '=': conversion from 'int' to 'float', possible loss of data
D:\Programming\OpenGL_Projects\Game\Cloud_Jumper\Cloud_Jumper\Sources\GLFW_Framework.cpp(101,34): warning C4244: 'argument': conversion from 'int' to 'float', possible loss of data
D:\Programming\OpenGL_Projects\Game\Cloud_Jumper\Cloud_Jumper\Sources\GLFW_Framework.cpp(101,28): warning C4244: 'argument': conversion from 'int' to 'float', possible loss of data
D:\Programming\OpenGL_Projects\Game\Cloud_Jumper\Cloud_Jumper\Sources\GLFW_Framework.cpp(102,34): warning C4244: 'argument': conversion from 'int' to 'float', possible loss of data
D:\Programming\OpenGL_Projects\Game\Cloud_Jumper\Cloud_Jumper\Sources\GLFW_Framework.cpp(102,28): warning C4244: 'argument': conversion from 'int' to 'float', possible loss of data
D:\Programming\OpenGL_Projects\Game\Cloud_Jumper\Cloud_Jumper\Sources\GLFW_Framework.cpp(103,55): warning C4244: 'argument': conversion from 'int' to 'float', possible loss of data
D:\Programming\OpenGL_Projects\Game\Cloud_Jumper\Cloud_Jumper\Sources\GLFW_Framework.cpp(103,43): warning C4244: 'argument': conversion from 'int' to 'float', possible loss of data
D:\Programming\OpenGL_Projects\Game\Cloud_Jumper\Cloud_Jumper\Sources\GLFW_Framework.cpp(104,57): warning C4244: 'argument': conversion from 'int' to 'float', possible loss of data
D:\Programming\OpenGL_Projects\Game\Cloud_Jumper\Cloud_Jumper\Sources\GLFW_Framework.cpp(104,44): warning C4244: 'argument': conversion from 'int' to 'float', possible loss of data
D:\Programming\OpenGL_Projects\Game\Cloud_Jumper\Cloud_Jumper\Sources\GLFW_Framework.cpp(134,45): warning C4244: 'argument': conversion from 'int' to 'float', possible loss of data
D:\Programming\OpenGL_Projects\Game\Cloud_Jumper\Cloud_Jumper\Sources\GLFW_Framework.cpp(134,33): warning C4244: 'argument': conversion from 'int' to 'float', possible loss of data
D:\Programming\OpenGL_Projects\Game\Cloud_Jumper\Cloud_Jumper\Sources\GLFW_Framework.cpp(135,47): warning C4244: 'argument': conversion from 'int' to 'float', possible loss of data
D:\Programming\OpenGL_Projects\Game\Cloud_Jumper\Cloud_Jumper\Sources\GLFW_Framework.cpp(135,34): warning C4244: 'argument': conversion from 'int' to 'float', possible loss of data
D:\Programming\OpenGL_Projects\Game\Cloud_Jumper\Cloud_Jumper\Sources\GLFW_Framework.cpp(167,32): warning C4244: 'argument': conversion from 'double' to 'int', possible loss of data
D:\Programming\OpenGL_Projects\Game\Cloud_Jumper\Cloud_Jumper\Sources\GLFW_Framework.cpp(167,26): warning C4244: 'argument': conversion from 'double' to 'int', possible loss of data
D:\Programming\OpenGL_Projects\Game\Cloud_Jumper\Cloud_Jumper\Sources\GLFW_Framework.cpp(167,20): warning C4244: 'argument': conversion from 'double' to 'int', possible loss of data
D:\Programming\OpenGL_Projects\Game\Cloud_Jumper\Cloud_Jumper\Sources\GLFW_Framework.cpp(167,14): warning C4244: 'argument': conversion from 'double' to 'int', possible loss of data
  PlayerCharacter.cpp
D:\Programming\OpenGL_Projects\Game\Cloud_Jumper\Cloud_Jumper\Sources\PlayerCharacter.cpp(32,33): warning C4244: '=': conversion from 'double' to 'int', possible loss of data
D:\Programming\OpenGL_Projects\Game\Cloud_Jumper\Cloud_Jumper\Sources\PlayerCharacter.cpp(33,41): warning C4244: '=': conversion from 'double' to 'int', possible loss of data
D:\Programming\OpenGL_Projects\Game\Cloud_Jumper\Cloud_Jumper\Sources\PlayerCharacter.cpp(38,70): warning C4244: 'argument': conversion from 'float' to 'int', possible loss of data
D:\Programming\OpenGL_Projects\Game\Cloud_Jumper\Cloud_Jumper\Sources\PlayerCharacter.cpp(38,45): warning C4244: 'argument': conversion from 'float' to 'int', possible loss of data
D:\Programming\OpenGL_Projects\Game\Cloud_Jumper\Cloud_Jumper\Sources\PlayerCharacter.cpp(39,61): warning C4244: 'argument': conversion from 'double' to 'float', possible loss of data
D:\Programming\OpenGL_Projects\Game\Cloud_Jumper\Cloud_Jumper\Sources\PlayerCharacter.cpp(39,42): warning C4244: 'argument': conversion from 'int' to 'float', possible loss of data
D:\Programming\OpenGL_Projects\Game\Cloud_Jumper\Cloud_Jumper\Sources\PlayerCharacter.cpp(57,24): warning C4244: '=': conversion from 'int' to 'float', possible loss of data
D:\Programming\OpenGL_Projects\Game\Cloud_Jumper\Cloud_Jumper\Sources\PlayerCharacter.cpp(58,24): warning C4244: '=': conversion from 'int' to 'float', possible loss of data
D:\Programming\OpenGL_Projects\Game\Cloud_Jumper\Cloud_Jumper\Sources\PlayerCharacter.cpp(84,107): warning C4244: 'argument': conversion from 'double' to 'float', possible loss of data
D:\Programming\OpenGL_Projects\Game\Cloud_Jumper\Cloud_Jumper\Sources\PlayerCharacter.cpp(84,50): warning C4244: 'argument': conversion from 'double' to 'float', possible loss of data
D:\Programming\OpenGL_Projects\Game\Cloud_Jumper\Cloud_Jumper\Sources\PlayerCharacter.cpp(86,36): warning C4244: '=': conversion from 'float' to 'int', possible loss of data
D:\Programming\OpenGL_Projects\Game\Cloud_Jumper\Cloud_Jumper\Sources\PlayerCharacter.cpp(87,36): warning C4244: '=': conversion from 'float' to 'int', possible loss of data
D:\Programming\OpenGL_Projects\Game\Cloud_Jumper\Cloud_Jumper\Sources\PlayerCharacter.cpp(89,40): warning C4244: '=': conversion from 'float' to 'int', possible loss of data
D:\Programming\OpenGL_Projects\Game\Cloud_Jumper\Cloud_Jumper\Sources\PlayerCharacter.cpp(90,40): warning C4244: '=': conversion from 'float' to 'int', possible loss of data
D:\Programming\OpenGL_Projects\Game\Cloud_Jumper\Cloud_Jumper\Sources\PlayerCharacter.cpp(107,34): warning C4244: '=': conversion from 'double' to 'float', possible loss of data
D:\Programming\OpenGL_Projects\Game\Cloud_Jumper\Cloud_Jumper\Sources\PlayerCharacter.cpp(108,34): warning C4244: '=': conversion from 'double' to 'float', possible loss of data
D:\Programming\OpenGL_Projects\Game\Cloud_Jumper\Cloud_Jumper\Sources\PlayerCharacter.cpp(109,27): warning C4244: '=': conversion from 'double' to 'int', possible loss of data
D:\Programming\OpenGL_Projects\Game\Cloud_Jumper\Cloud_Jumper\Sources\PlayerCharacter.cpp(110,28): warning C4244: '=': conversion from 'double' to 'int', possible loss of data
D:\Programming\OpenGL_Projects\Game\Cloud_Jumper\Cloud_Jumper\Sources\PlayerCharacter.cpp(112,33): warning C4244: '=': conversion from 'int' to 'float', possible loss of data
D:\Programming\OpenGL_Projects\Game\Cloud_Jumper\Cloud_Jumper\Sources\PlayerCharacter.cpp(113,33): warning C4244: '=': conversion from 'int' to 'float', possible loss of data
D:\Programming\OpenGL_Projects\Game\Cloud_Jumper\Cloud_Jumper\Sources\PlayerCharacter.cpp(141,45): warning C4244: 'argument': conversion from 'int' to 'float', possible loss of data
D:\Programming\OpenGL_Projects\Game\Cloud_Jumper\Cloud_Jumper\Sources\PlayerCharacter.cpp(171,11): warning C4244: '=': conversion from 'float' to 'int', possible loss of data
D:\Programming\OpenGL_Projects\Game\Cloud_Jumper\Cloud_Jumper\Sources\PlayerCharacter.cpp(172,9): warning C4244: '=': conversion from 'float' to 'int', possible loss of data
D:\Programming\OpenGL_Projects\Game\Cloud_Jumper\Cloud_Jumper\Sources\PlayerCharacter.cpp(184,32): warning C4244: '=': conversion from 'int' to 'float', possible loss of data
D:\Programming\OpenGL_Projects\Game\Cloud_Jumper\Cloud_Jumper\Sources\PlayerCharacter.cpp(209,47): warning C4244: 'argument': conversion from 'double' to 'float', possible loss of data
D:\Programming\OpenGL_Projects\Game\Cloud_Jumper\Cloud_Jumper\Sources\PlayerCharacter.cpp(261,56): warning C4244: '-=': conversion from 'float' to 'unsigned int', possible loss of data
D:\Programming\OpenGL_Projects\Game\Cloud_Jumper\Cloud_Jumper\Sources\PlayerCharacter.cpp(285,33): warning C4244: '=': conversion from 'int' to 'float', possible loss of data
  Generating Code...
glfw3.lib(init.obj) : warning LNK4099: PDB '' was not found with 'glfw3.lib(init.obj)' or at ''; linking object as if no debug info
glfw3.lib(window.obj) : warning LNK4099: PDB '' was not found with 'glfw3.lib(window.obj)' or at ''; linking object as if no debug info
glfw3.lib(input.obj) : warning LNK4099: PDB '' was not found with 'glfw3.lib(input.obj)' or at ''; linking object as if no debug info
glfw3.lib(context.obj) : warning LNK4099: PDB '' was not found with 'glfw3.lib(context.obj)' or at ''; linking object as if no debug info
glfw3.lib(win32_time.obj) : warning LNK4099: PDB '' was not found with 'glfw3.lib(win32_time.obj)' or at ''; linking object as if no debug info
glfw3.lib(win32_thread.obj) : warning LNK4099: PDB '' was not found with 'glfw3.lib(win32_thread.obj)' or at ''; linking object as if no debug info
glfw3.lib(platform.obj) : warning LNK4099: PDB '' was not found with 'glfw3.lib(platform.obj)' or at ''; linking object as if no debug info
glfw3.lib(monitor.obj) : warning LNK4099: PDB '' was not found with 'glfw3.lib(monitor.obj)' or at ''; linking object as if no debug info
glfw3.lib(vulkan.obj) : warning LNK4099: PDB '' was not found with 'glfw3.lib(vulkan.obj)' or at ''; linking object as if no debug info
glfw3.lib(win32_init.obj) : warning LNK4099: PDB '' was not found with 'glfw3.lib(win32_init.obj)' or at ''; linking object as if no debug info
glfw3.lib(null_init.obj) : warning LNK4099: PDB '' was not found with 'glfw3.lib(null_init.obj)' or at ''; linking object as if no debug info
glfw3.lib(win32_module.obj) : warning LNK4099: PDB '' was not found with 'glfw3.lib(win32_module.obj)' or at ''; linking object as if no debug info
glfw3.lib(win32_monitor.obj) : warning LNK4099: PDB '' was not found with 'glfw3.lib(win32_monitor.obj)' or at ''; linking object as if no debug info
glfw3.lib(win32_window.obj) : warning LNK4099: PDB '' was not found with 'glfw3.lib(win32_window.obj)' or at ''; linking object as if no debug info
glfw3.lib(win32_joystick.obj) : warning LNK4099: PDB '' was not found with 'glfw3.lib(win32_joystick.obj)' or at ''; linking object as if no debug info
glfw3.lib(wgl_context.obj) : warning LNK4099: PDB '' was not found with 'glfw3.lib(wgl_context.obj)' or at ''; linking object as if no debug info
glfw3.lib(egl_context.obj) : warning LNK4099: PDB '' was not found with 'glfw3.lib(egl_context.obj)' or at ''; linking object as if no debug info
glfw3.lib(osmesa_context.obj) : warning LNK4099: PDB '' was not found with 'glfw3.lib(osmesa_context.obj)' or at ''; linking object as if no debug info
glfw3.lib(null_monitor.obj) : warning LNK4099: PDB '' was not found with 'glfw3.lib(null_monitor.obj)' or at ''; linking object as if no debug info
glfw3.lib(null_window.obj) : warning LNK4099: PDB '' was not found with 'glfw3.lib(null_window.obj)' or at ''; linking object as if no debug info
glfw3.lib(null_joystick.obj) : warning LNK4099: PDB '' was not found with 'glfw3.lib(null_joystick.obj)' or at ''; linking object as if no debug info
  Cloud_Jumper.vcxproj -> D:\Programming\OpenGL_Projects\Game\Cloud_Jumper\x64\Debug\Cloud_Jumper.exe
